# JRE version: Java(TM) SE Runtime Environment 18.9 (11.0.7+8) (build 11.0.7+8-LTS)
# Java VM: Java HotSpot(TM) 64-Bit Server VM 18.9 (11.0.7+8-LTS, mixed mode, tiered, compressed oops, g1 gc, windows-amd64)
Heap:
 garbage-first heap   total 472064K, used 72520K [0x0000000681e00000, 0x0000000800000000)
  region size 1024K, 48 young (49152K), 26 survivors (26624K)
 Metaspace       used 78587K, capacity 80610K, committed 80720K, reserved 1120256K
  class space    used 10235K, capacity 10992K, committed 11008K, reserved 1048576K
GC Heap History (10 events):
Event: 1.737 GC heap before
{Heap before GC invocations=6 (full 0):
 garbage-first heap   total 393216K, used 255241K [0x0000000681e00000, 0x0000000800000000)
  region size 1024K, 230 young (235520K), 4 survivors (4096K)
 Metaspace       used 27952K, capacity 28842K, committed 29104K, reserved 1075200K
  class space    used 3431K, capacity 3778K, committed 3840K, reserved 1048576K
}
Event: 1.741 GC heap after
{Heap after GC invocations=7 (full 0):
 garbage-first heap   total 393216K, used 28042K [0x0000000681e00000, 0x0000000800000000)
  region size 1024K, 7 young (7168K), 7 survivors (7168K)
 Metaspace       used 27952K, capacity 28842K, committed 29104K, reserved 1075200K
  class space    used 3431K, capacity 3778K, committed 3840K, reserved 1048576K
}
Event: 2.483 GC heap before
{Heap before GC invocations=7 (full 0):
 garbage-first heap   total 393216K, used 189834K [0x0000000681e00000, 0x0000000800000000)
  region size 1024K, 166 young (169984K), 7 survivors (7168K)
 Metaspace       used 34718K, capacity 35843K, committed 35920K, reserved 1081344K
  class space    used 4408K, capacity 4845K, committed 4864K, reserved 1048576K
}
Event: 2.491 GC heap after
{Heap after GC invocations=8 (full 0):
 garbage-first heap   total 472064K, used 31551K [0x0000000681e00000, 0x0000000800000000)
  region size 1024K, 11 young (11264K), 11 survivors (11264K)
 Metaspace       used 34718K, capacity 35843K, committed 35920K, reserved 1081344K
  class space    used 4408K, capacity 4845K, committed 4864K, reserved 1048576K
}
Event: 2.871 GC heap before
{Heap before GC invocations=9 (full 0):
 garbage-first heap   total 472064K, used 294719K [0x0000000681e00000, 0x0000000800000000)
  region size 1024K, 269 young (275456K), 11 survivors (11264K)
 Metaspace       used 37616K, capacity 38767K, committed 38864K, reserved 1083392K
  class space    used 4708K, capacity 5180K, committed 5248K, reserved 1048576K
}
Event: 2.877 GC heap after
{Heap after GC invocations=10 (full 0):
 garbage-first heap   total 472064K, used 33983K [0x0000000681e00000, 0x0000000800000000)
  region size 1024K, 13 young (13312K), 13 survivors (13312K)
 Metaspace       used 37616K, capacity 38767K, committed 38864K, reserved 1083392K
  class space    used 4708K, capacity 5180K, committed 5248K, reserved 1048576K
}
Event: 3.844 GC heap before
{Heap before GC invocations=10 (full 0):
 garbage-first heap   total 472064K, used 282815K [0x0000000681e00000, 0x0000000800000000)
  region size 1024K, 257 young (263168K), 13 survivors (13312K)
 Metaspace       used 58594K, capacity 60073K, committed 60240K, reserved 1101824K
  class space    used 7619K, capacity 8168K, committed 8192K, reserved 1048576K
}
Event: 3.856 GC heap after
{Heap after GC invocations=11 (full 0):
 garbage-first heap   total 472064K, used 43555K [0x0000000681e00000, 0x0000000800000000)
  region size 1024K, 22 young (22528K), 22 survivors (22528K)
 Metaspace       used 58594K, capacity 60073K, committed 60240K, reserved 1101824K
  class space    used 7619K, capacity 8168K, committed 8192K, reserved 1048576K
}
Event: 120.830 GC heap before
{Heap before GC invocations=12 (full 0):
 garbage-first heap   total 472064K, used 303651K [0x0000000681e00000, 0x0000000800000000)
  region size 1024K, 276 young (282624K), 22 survivors (22528K)
 Metaspace       used 74394K, capacity 76355K, committed 76624K, reserved 1116160K
  class space    used 9706K, capacity 10452K, committed 10496K, reserved 1048576K
}
Event: 120.853 GC heap after
{Heap after GC invocations=13 (full 0):
 garbage-first heap   total 472064K, used 51016K [0x0000000681e00000, 0x0000000800000000)
  region size 1024K, 26 young (26624K), 26 survivors (26624K)
 Metaspace       used 74394K, capacity 76355K, committed 76624K, reserved 1116160K
  class space    used 9706K, capacity 10452K, committed 10496K, reserved 1048576K
}

